

=====NEW RUN=====

Inserted (1, -1)
Inserted (2, -2)
Inserted (3, -3)
Inserted (4, -4)
Inserted (5, -5)
mmap()'ed the temp data file!
Initialized bf and fp's
About to merge 2 sorted arrays
Finished first merging loop
Finished second merging loop
Finished third merging loop
Inserted (6, -6)
Inserted (7, -7)
Inserted (8, -8)
Inserted (9, -9)
Inserted (10, -10)
mmap()'ed the temp data file!
Initialized bf and fp's
About to merge 2 sorted arrays
Finished first merging loop
Finished second merging loop
Finished third merging loop
Inserted (11, -11)
Inserted (12, -12)
Inserted (13, -13)
Inserted (14, -14)
Inserted (15, -15)
mmap()'ed the temp data file!
Initialized bf and fp's
About to merge 2 sorted arrays
Finished first merging loop
Finished second merging loop
Finished third merging loop
Inserted (16, -16)
Inserted (17, -17)
Inserted (18, -18)
Inserted (19, -19)
Inserted (20, -20)
mmap()'ed the temp data file!
Initialized bf and fp's
About to merge 2 sorted arrays
Finished first merging loop
Finished second merging loop
Finished third merging loop
Inserted (21, -21)
Inserted (22, -22)
Inserted (23, -23)
Inserted (24, -24)
Inserted (25, -25)
mmap()'ed the temp data file!
Initialized bf and fp's
About to merge 2 sorted arrays
Finished first merging loop
Finished second merging loop
Finished third merging loop
Inserted (26, -26)
Inserted (27, -27)
Inserted (28, -28)
Inserted (29, -29)
Inserted (30, -30)
mmap()'ed the temp data file!
Initialized bf and fp's
About to merge 2 sorted arrays
Finished first merging loop
Finished second merging loop
Finished third merging loop
Inserted (31, -31)
Inserted (32, -32)
Inserted (33, -33)
Inserted (34, -34)
Inserted (35, -35)
mmap()'ed the temp data file!
Initialized bf and fp's
About to merge 2 sorted arrays
Finished first merging loop
Finished second merging loop
Finished third merging loop
Inserted (36, -36)
Inserted (37, -37)
Inserted (38, -38)
Inserted (39, -39)
Inserted (40, -40)
mmap()'ed the temp data file!
Initialized bf and fp's
About to merge 2 sorted arrays
Finished first merging loop
Finished second merging loop
Finished third merging loop
Inserted (41, -41)
Inserted (42, -42)
Inserted (43, -43)
Inserted (44, -44)
Inserted (45, -45)
mmap()'ed the temp data file!
Initialized bf and fp's
About to merge 2 sorted arrays
Finished first merging loop
Finished second merging loop
Finished third merging loop
Inserted (46, -46)
Inserted (47, -47)
Inserted (48, -48)
Inserted (49, -49)
Inserted (50, -50)
mmap()'ed the temp data file!
Initialized bf and fp's
About to merge 2 sorted arrays
Finished first merging loop
Finished second merging loop
Finished third merging loop
Inserted (51, -51)
Inserted (52, -52)
Inserted (53, -53)
Inserted (54, -54)
Inserted (55, -55)
mmap()'ed the temp data file!
Initialized bf and fp's
About to merge 2 sorted arrays
Finished first merging loop
Finished second merging loop
Finished third merging loop
Inserted (56, -56)
Inserted (57, -57)
Inserted (58, -58)
Inserted (59, -59)
Inserted (60, -60)
mmap()'ed the temp data file!
Initialized bf and fp's
About to merge 2 sorted arrays
Finished first merging loop
Finished second merging loop
Finished third merging loop
Inserted (61, -61)
Inserted (62, -62)
Inserted (63, -63)
Inserted (64, -64)
Inserted (65, -65)
mmap()'ed the temp data file!
Initialized bf and fp's
About to merge 2 sorted arrays
Finished first merging loop
Finished second merging loop
Finished third merging loop
Inserted (66, -66)
Inserted (67, -67)
Inserted (68, -68)
Inserted (69, -69)
Inserted (70, -70)
mmap()'ed the temp data file!
Initialized bf and fp's
About to merge 2 sorted arrays
Finished first merging loop
Finished second merging loop
Finished third merging loop
Inserted (71, -71)
Inserted (72, -72)
Inserted (73, -73)
Inserted (74, -74)
Inserted (75, -75)
mmap()'ed the temp data file!
Initialized bf and fp's
About to merge 2 sorted arrays
Finished first merging loop
Finished second merging loop
Finished third merging loop
Inserted (76, -76)
Inserted (77, -77)
Inserted (78, -78)
Inserted (79, -79)
Inserted (80, -80)
mmap()'ed the temp data file!
Initialized bf and fp's
About to merge 2 sorted arrays
Finished first merging loop
Finished second merging loop
Finished third merging loop
Inserted (81, -81)
Inserted (82, -82)
Inserted (83, -83)
Inserted (84, -84)
Inserted (85, -85)
mmap()'ed the temp data file!
Initialized bf and fp's
About to merge 2 sorted arrays
Finished first merging loop
Finished second merging loop
Finished third merging loop
Inserted (86, -86)
Inserted (87, -87)
Inserted (88, -88)
Inserted (89, -89)
Inserted (90, -90)
mmap()'ed the temp data file!
Initialized bf and fp's
About to merge 2 sorted arrays
Finished first merging loop
Finished second merging loop
Finished third merging loop
Inserted (91, -91)
Inserted (92, -92)
Inserted (93, -93)
Inserted (94, -94)
Inserted (95, -95)
mmap()'ed the temp data file!
Initialized bf and fp's
About to merge 2 sorted arrays
Finished first merging loop
Finished second merging loop
Finished third merging loop
Inserted (96, -96)
Inserted (97, -97)
Inserted (98, -98)
Inserted (99, -99)
Inserted (100, -100)
mmap()'ed the temp data file!
Initialized bf and fp's
About to merge 2 sorted arrays
Finished first merging loop
Finished second merging loop
Finished third merging loop
Inserted (101, -101)
Inserted (102, -102)
Inserted (103, -103)
Inserted (104, -104)
Inserted (105, -105)
mmap()'ed the temp data file!
Initialized bf and fp's
About to merge 2 sorted arrays
Finished first merging loop
Finished second merging loop
Finished third merging loop
Inserted (106, -106)
Inserted (107, -107)
Inserted (108, -108)
Inserted (109, -109)
Inserted (110, -110)
mmap()'ed the temp data file!
Initialized bf and fp's
About to merge 2 sorted arrays
Finished first merging loop
Finished second merging loop
Finished third merging loop
Inserted (111, -111)
Inserted (112, -112)
Inserted (113, -113)
Inserted (114, -114)
Inserted (115, -115)
mmap()'ed the temp data file!
Initialized bf and fp's
About to merge 2 sorted arrays
Finished first merging loop
Finished second merging loop
Finished third merging loop
Inserted (116, -116)
Inserted (117, -117)
Inserted (118, -118)
Inserted (119, -119)
Inserted (120, -120)
mmap()'ed the temp data file!
Initialized bf and fp's
About to merge 2 sorted arrays
Finished first merging loop
Finished second merging loop
Finished third merging loop
Inserted (121, -121)
Inserted (122, -122)
Inserted (123, -123)
Inserted (124, -124)
Inserted (125, -125)
mmap()'ed the temp data file!
Initialized bf and fp's
About to merge 2 sorted arrays
Finished first merging loop
Finished second merging loop
Finished third merging loop
Inserted (126, -126)
Inserted (127, -127)
Inserted (128, -128)
Inserted (129, -129)
Inserted (130, -130)
mmap()'ed the temp data file!
Initialized bf and fp's
About to merge 2 sorted arrays
Finished first merging loop
Finished second merging loop
Finished third merging loop
Inserted (131, -131)
Inserted (132, -132)
Inserted (133, -133)
Inserted (134, -134)
Inserted (135, -135)
mmap()'ed the temp data file!
Initialized bf and fp's
About to merge 2 sorted arrays
Finished first merging loop
Finished second merging loop
Finished third merging loop
Inserted (136, -136)
Inserted (137, -137)
Inserted (138, -138)
Inserted (139, -139)
Inserted (140, -140)
mmap()'ed the temp data file!
Initialized bf and fp's
About to merge 2 sorted arrays
Finished first merging loop
Finished second merging loop
Finished third merging loop
Inserted (141, -141)
Inserted (142, -142)
Inserted (143, -143)
Inserted (144, -144)
Inserted (145, -145)
mmap()'ed the temp data file!
Initialized bf and fp's
About to merge 2 sorted arrays
Finished first merging loop
Finished second merging loop
Finished third merging loop
Inserted (146, -146)
Inserted (147, -147)
Inserted (148, -148)
Inserted (149, -149)
Inserted (150, -150)
mmap()'ed the temp data file!
Initialized bf and fp's
About to merge 2 sorted arrays
Finished first merging loop
Finished second merging loop
Finished third merging loop
Inserted (151, -151)
Inserted (152, -152)
Inserted (153, -153)
Inserted (154, -154)
Inserted (155, -155)
mmap()'ed the temp data file!
Initialized bf and fp's
About to merge 2 sorted arrays
Finished first merging loop
Finished second merging loop
Finished third merging loop
Inserted (156, -156)
Inserted (157, -157)
Inserted (158, -158)
Inserted (159, -159)
Inserted (160, -160)
mmap()'ed the temp data file!
Initialized bf and fp's
About to merge 2 sorted arrays
Finished first merging loop
Finished second merging loop
Finished third merging loop
Inserted (161, -161)
Inserted (162, -162)
Inserted (163, -163)
Inserted (164, -164)
Inserted (165, -165)
mmap()'ed the temp data file!
Initialized bf and fp's
About to merge 2 sorted arrays
Finished first merging loop
Finished second merging loop
Finished third merging loop
Inserted (166, -166)
Inserted (167, -167)
Inserted (168, -168)
Inserted (169, -169)
Inserted (170, -170)
mmap()'ed the temp data file!
Initialized bf and fp's
About to merge 2 sorted arrays
Finished first merging loop
Finished second merging loop
Finished third merging loop
Inserted (171, -171)
Inserted (172, -172)
Inserted (173, -173)
Inserted (174, -174)
Inserted (175, -175)
mmap()'ed the temp data file!
Initialized bf and fp's
About to merge 2 sorted arrays
Finished first merging loop
Finished second merging loop
Finished third merging loop
Inserted (176, -176)
Inserted (177, -177)
Inserted (178, -178)
Inserted (179, -179)
Inserted (180, -180)
mmap()'ed the temp data file!
Initialized bf and fp's
About to merge 2 sorted arrays
Finished first merging loop
Finished second merging loop
Finished third merging loop
Inserted (181, -181)
Inserted (182, -182)
Inserted (183, -183)
Inserted (184, -184)
Inserted (185, -185)
mmap()'ed the temp data file!
Initialized bf and fp's
About to merge 2 sorted arrays
Finished first merging loop
Finished second merging loop
Finished third merging loop
Inserted (186, -186)
Inserted (187, -187)
Inserted (188, -188)
Inserted (189, -189)
Inserted (190, -190)
mmap()'ed the temp data file!
Initialized bf and fp's
About to merge 2 sorted arrays
Finished first merging loop
Finished second merging loop
Finished third merging loop
Inserted (191, -191)
Inserted (192, -192)
Inserted (193, -193)
Inserted (194, -194)
Inserted (195, -195)
mmap()'ed the temp data file!
Initialized bf and fp's
About to merge 2 sorted arrays
Finished first merging loop
Finished second merging loop
Finished third merging loop
Inserted (196, -196)
Inserted (197, -197)
Inserted (198, -198)
Inserted (199, -199)
Inserted (200, -200)
mmap()'ed the temp data file!
Initialized bf and fp's
About to merge 2 sorted arrays
Finished first merging loop
Finished second merging loop
Finished third merging loop
Inserted (201, -201)
Inserted (202, -202)
Inserted (203, -203)
Inserted (204, -204)
Inserted (205, -205)
mmap()'ed the temp data file!
Initialized bf and fp's
About to merge 2 sorted arrays
Finished first merging loop
Finished second merging loop
Finished third merging loop
Inserted (206, -206)
Inserted (207, -207)
Inserted (208, -208)
Inserted (209, -209)
Inserted (210, -210)
mmap()'ed the temp data file!
Initialized bf and fp's
About to merge 2 sorted arrays
Finished first merging loop
Finished second merging loop
Finished third merging loop
Inserted (211, -211)
Inserted (212, -212)
Inserted (213, -213)
Inserted (214, -214)
Inserted (215, -215)
mmap()'ed the temp data file!
Initialized bf and fp's
About to merge 2 sorted arrays
Finished first merging loop
Finished second merging loop
Finished third merging loop
Inserted (216, -216)
Inserted (217, -217)
Inserted (218, -218)
Inserted (219, -219)
Inserted (220, -220)
mmap()'ed the temp data file!
Initialized bf and fp's
About to merge 2 sorted arrays
Finished first merging loop
Finished second merging loop
Finished third merging loop
Inserted (221, -221)
Inserted (222, -222)
Inserted (223, -223)
Inserted (224, -224)
Inserted (225, -225)
mmap()'ed the temp data file!
Initialized bf and fp's
About to merge 2 sorted arrays
Finished first merging loop
Finished second merging loop
Finished third merging loop
Inserted (226, -226)
Inserted (227, -227)
Inserted (228, -228)
Inserted (229, -229)
Inserted (230, -230)
mmap()'ed the temp data file!
Initialized bf and fp's
About to merge 2 sorted arrays
Finished first merging loop
Finished second merging loop
Finished third merging loop
Inserted (231, -231)
Inserted (232, -232)
Inserted (233, -233)
Inserted (234, -234)
Inserted (235, -235)
mmap()'ed the temp data file!
Initialized bf and fp's
About to merge 2 sorted arrays
Finished first merging loop
Finished second merging loop
Finished third merging loop
Inserted (236, -236)
Inserted (237, -237)
Inserted (238, -238)
Inserted (239, -239)
Inserted (240, -240)
mmap()'ed the temp data file!
Initialized bf and fp's
About to merge 2 sorted arrays
Finished first merging loop
Finished second merging loop
Finished third merging loop
Inserted (241, -241)
Inserted (242, -242)
Inserted (243, -243)
Inserted (244, -244)
Inserted (245, -245)
mmap()'ed the temp data file!
Initialized bf and fp's
About to merge 2 sorted arrays
Finished first merging loop
Finished second merging loop
Finished third merging loop
Inserted (246, -246)
Inserted (247, -247)
Inserted (248, -248)
Inserted (249, -249)
Inserted (250, -250)
mmap()'ed the temp data file!
Initialized bf and fp's
About to merge 2 sorted arrays
Finished first merging loop
Finished second merging loop
Finished third merging loop
Inserted (251, -251)
Inserted (252, -252)
Inserted (253, -253)
Inserted (254, -254)
Inserted (255, -255)
mmap()'ed the temp data file!
Initialized bf and fp's
About to merge 2 sorted arrays
Finished first merging loop
Finished second merging loop
Finished third merging loop
Inserted (256, -256)
Inserted (257, -257)
Inserted (258, -258)
Inserted (259, -259)
Inserted (260, -260)
mmap()'ed the temp data file!
Initialized bf and fp's
About to merge 2 sorted arrays
Finished first merging loop
Finished second merging loop
Finished third merging loop
Inserted (261, -261)
Inserted (262, -262)
Inserted (263, -263)
Inserted (264, -264)
Inserted (265, -265)
mmap()'ed the temp data file!
Initialized bf and fp's
About to merge 2 sorted arrays
Finished first merging loop
Finished second merging loop
Finished third merging loop
Inserted (266, -266)
Inserted (267, -267)
Inserted (268, -268)
Inserted (269, -269)
Inserted (270, -270)
mmap()'ed the temp data file!
Initialized bf and fp's
About to merge 2 sorted arrays
Finished first merging loop
Finished second merging loop
Finished third merging loop
Inserted (271, -271)
Inserted (272, -272)
Inserted (273, -273)
Inserted (274, -274)
Inserted (275, -275)
mmap()'ed the temp data file!
Initialized bf and fp's
About to merge 2 sorted arrays
Finished first merging loop
Finished second merging loop
Finished third merging loop
Inserted (276, -276)
Inserted (277, -277)
Inserted (278, -278)
Inserted (279, -279)
Inserted (280, -280)
mmap()'ed the temp data file!
Initialized bf and fp's
About to merge 2 sorted arrays
Finished first merging loop
Finished second merging loop
Finished third merging loop
Inserted (281, -281)
Inserted (282, -282)
Inserted (283, -283)
Inserted (284, -284)
Inserted (285, -285)
mmap()'ed the temp data file!
Initialized bf and fp's
About to merge 2 sorted arrays
Finished first merging loop
Finished second merging loop
Finished third merging loop
Inserted (286, -286)
Inserted (287, -287)
Inserted (288, -288)
Inserted (289, -289)
Inserted (290, -290)
mmap()'ed the temp data file!
Initialized bf and fp's
About to merge 2 sorted arrays
Finished first merging loop
Finished second merging loop
Finished third merging loop
Inserted (291, -291)
Inserted (292, -292)
Inserted (293, -293)
Inserted (294, -294)
Inserted (295, -295)
mmap()'ed the temp data file!
Initialized bf and fp's
About to merge 2 sorted arrays
Finished first merging loop
Finished second merging loop
Finished third merging loop
Inserted (296, -296)
Inserted (297, -297)
Inserted (298, -298)
Inserted (299, -299)
Inserted (300, -300)
mmap()'ed the temp data file!
Initialized bf and fp's
About to merge 2 sorted arrays
Finished first merging loop
Finished second merging loop
Finished third merging loop
Inserted (301, -301)
Inserted (302, -302)
Inserted (303, -303)
Inserted (304, -304)
Inserted (305, -305)
mmap()'ed the temp data file!
Initialized bf and fp's
About to merge 2 sorted arrays
Finished first merging loop
Finished second merging loop
Finished third merging loop
Inserted (306, -306)
Inserted (307, -307)
Inserted (308, -308)
Inserted (309, -309)
Inserted (310, -310)
mmap()'ed the temp data file!
Initialized bf and fp's
About to merge 2 sorted arrays
Finished first merging loop
Finished second merging loop
Finished third merging loop
Inserted (311, -311)
Inserted (312, -312)
Inserted (313, -313)
Inserted (314, -314)
Inserted (315, -315)
mmap()'ed the temp data file!
Initialized bf and fp's
About to merge 2 sorted arrays
Finished first merging loop
Finished second merging loop
Finished third merging loop
Inserted (316, -316)
Inserted (317, -317)
Inserted (318, -318)
Inserted (319, -319)
Inserted (320, -320)
mmap()'ed the temp data file!
Initialized bf and fp's
About to merge 2 sorted arrays
Finished first merging loop
Finished second merging loop
Finished third merging loop
Inserted (321, -321)
Inserted (322, -322)
Inserted (323, -323)
Inserted (324, -324)
Inserted (325, -325)
mmap()'ed the temp data file!
Initialized bf and fp's
About to merge 2 sorted arrays
Finished first merging loop
Finished second merging loop
Finished third merging loop
Inserted (326, -326)
Inserted (327, -327)
Inserted (328, -328)
Inserted (329, -329)
Inserted (330, -330)
mmap()'ed the temp data file!
Initialized bf and fp's
About to merge 2 sorted arrays
Finished first merging loop
Finished second merging loop
Finished third merging loop
Inserted (331, -331)
Inserted (332, -332)
Inserted (333, -333)
Inserted (334, -334)
Inserted (335, -335)
mmap()'ed the temp data file!
Initialized bf and fp's
About to merge 2 sorted arrays
Finished first merging loop
Finished second merging loop
Finished third merging loop
Inserted (336, -336)
Inserted (337, -337)
Inserted (338, -338)
Inserted (339, -339)
Inserted (340, -340)
mmap()'ed the temp data file!
Initialized bf and fp's
About to merge 2 sorted arrays
Finished first merging loop
Finished second merging loop
Finished third merging loop
Inserted (341, -341)
Inserted (342, -342)
Inserted (343, -343)
Inserted (344, -344)
Inserted (345, -345)
mmap()'ed the temp data file!
Initialized bf and fp's
About to merge 2 sorted arrays
Finished first merging loop
Finished second merging loop
Finished third merging loop
Inserted (346, -346)
Inserted (347, -347)
Inserted (348, -348)
Inserted (349, -349)
Inserted (350, -350)
mmap()'ed the temp data file!
Initialized bf and fp's
About to merge 2 sorted arrays
Finished first merging loop
Finished second merging loop
Finished third merging loop
Inserted (351, -351)
Inserted (352, -352)
Inserted (353, -353)
Inserted (354, -354)
Inserted (355, -355)
mmap()'ed the temp data file!
Initialized bf and fp's
About to merge 2 sorted arrays
Finished first merging loop
Finished second merging loop
Finished third merging loop
Inserted (356, -356)
Inserted (357, -357)
Inserted (358, -358)
Inserted (359, -359)
Inserted (360, -360)
mmap()'ed the temp data file!
Initialized bf and fp's
About to merge 2 sorted arrays
Finished first merging loop
Finished second merging loop
Finished third merging loop
Inserted (361, -361)
Inserted (362, -362)
Inserted (363, -363)
Inserted (364, -364)
Inserted (365, -365)
mmap()'ed the temp data file!
Initialized bf and fp's
About to merge 2 sorted arrays
Finished first merging loop
Finished second merging loop
Finished third merging loop
Inserted (366, -366)
Inserted (367, -367)
Inserted (368, -368)
Inserted (369, -369)
Inserted (370, -370)
mmap()'ed the temp data file!
Initialized bf and fp's
About to merge 2 sorted arrays
Finished first merging loop
Finished second merging loop
Finished third merging loop
Inserted (371, -371)
Inserted (372, -372)
Inserted (373, -373)
Inserted (374, -374)
Inserted (375, -375)
mmap()'ed the temp data file!
Initialized bf and fp's
About to merge 2 sorted arrays
Finished first merging loop
Finished second merging loop
Finished third merging loop
Inserted (376, -376)
Inserted (377, -377)
Inserted (378, -378)
Inserted (379, -379)
Inserted (380, -380)
mmap()'ed the temp data file!
Initialized bf and fp's
About to merge 2 sorted arrays
Finished first merging loop
Finished second merging loop
Finished third merging loop
Inserted (381, -381)
Inserted (382, -382)
Inserted (383, -383)
Inserted (384, -384)
Inserted (385, -385)
mmap()'ed the temp data file!
Initialized bf and fp's
About to merge 2 sorted arrays
Finished first merging loop
Finished second merging loop
Finished third merging loop
Inserted (386, -386)
Inserted (387, -387)
Inserted (388, -388)
Inserted (389, -389)
Inserted (390, -390)
mmap()'ed the temp data file!
Initialized bf and fp's
About to merge 2 sorted arrays
Finished first merging loop
Finished second merging loop
Finished third merging loop
Inserted (391, -391)
Inserted (392, -392)
Inserted (393, -393)
Inserted (394, -394)
Inserted (395, -395)
mmap()'ed the temp data file!
Initialized bf and fp's
About to merge 2 sorted arrays
Finished first merging loop
Finished second merging loop


=====NEW RUN=====

Inserted (1, -1)
Inserted (2, -2)
Inserted (3, -3)
Inserted (4, -4)
Inserted (5, -5)
mmap()'ed the temp data file!
Initialized bf and fp's
About to merge 2 sorted arrays
Finished first merging loop
Finished second merging loop
Finished third merging loop
Inserted (6, -6)
Inserted (7, -7)
Inserted (8, -8)
Inserted (9, -9)
Inserted (10, -10)
mmap()'ed the temp data file!
Initialized bf and fp's
About to merge 2 sorted arrays
Finished first merging loop
Finished second merging loop
Finished third merging loop
Inserted (11, -11)
Inserted (12, -12)
Inserted (13, -13)
Inserted (14, -14)
Inserted (15, -15)
mmap()'ed the temp data file!
Initialized bf and fp's
About to merge 2 sorted arrays
Finished first merging loop
Finished second merging loop
Finished third merging loop
Inserted (16, -16)
Inserted (17, -17)
Inserted (18, -18)
Inserted (19, -19)
Inserted (20, -20)
mmap()'ed the temp data file!
Initialized bf and fp's
About to merge 2 sorted arrays
Finished first merging loop
Finished second merging loop
Finished third merging loop
Inserted (21, -21)
Inserted (22, -22)
Inserted (23, -23)
Inserted (24, -24)
Inserted (25, -25)
mmap()'ed the temp data file!
Initialized bf and fp's
About to merge 2 sorted arrays
Finished first merging loop
Finished second merging loop
Finished third merging loop
Inserted (26, -26)
Inserted (27, -27)
Inserted (28, -28)
Inserted (29, -29)
Inserted (30, -30)
mmap()'ed the temp data file!
Initialized bf and fp's
About to merge 2 sorted arrays
Finished first merging loop
Finished second merging loop
Finished third merging loop
Inserted (31, -31)
Inserted (32, -32)
Inserted (33, -33)
Inserted (34, -34)
Inserted (35, -35)
mmap()'ed the temp data file!
Initialized bf and fp's
About to merge 2 sorted arrays
Finished first merging loop
Finished second merging loop
Finished third merging loop
Inserted (36, -36)
Inserted (37, -37)
Inserted (38, -38)
Inserted (39, -39)
Inserted (40, -40)
mmap()'ed the temp data file!
Initialized bf and fp's
About to merge 2 sorted arrays
Finished first merging loop
Finished second merging loop
Finished third merging loop
Inserted (41, -41)
Inserted (42, -42)
Inserted (43, -43)
Inserted (44, -44)
Inserted (45, -45)
mmap()'ed the temp data file!
Initialized bf and fp's
About to merge 2 sorted arrays
Finished first merging loop
Finished second merging loop
Finished third merging loop
Inserted (46, -46)
Inserted (47, -47)
Inserted (48, -48)
Inserted (49, -49)
Inserted (50, -50)
mmap()'ed the temp data file!
Initialized bf and fp's
About to merge 2 sorted arrays
Finished first merging loop
Finished second merging loop
Finished third merging loop
Inserted (51, -51)
Inserted (52, -52)
Inserted (53, -53)
Inserted (54, -54)
Inserted (55, -55)
mmap()'ed the temp data file!
Initialized bf and fp's
About to merge 2 sorted arrays
Finished first merging loop
Finished second merging loop
Finished third merging loop
Inserted (56, -56)
Inserted (57, -57)
Inserted (58, -58)
Inserted (59, -59)
Inserted (60, -60)
mmap()'ed the temp data file!
Initialized bf and fp's
About to merge 2 sorted arrays
Finished first merging loop
Finished second merging loop
Finished third merging loop
Inserted (61, -61)
Inserted (62, -62)
Inserted (63, -63)
Inserted (64, -64)
Inserted (65, -65)
mmap()'ed the temp data file!
Initialized bf and fp's
About to merge 2 sorted arrays
Finished first merging loop
Finished second merging loop
Finished third merging loop
Inserted (66, -66)
Inserted (67, -67)
Inserted (68, -68)
Inserted (69, -69)
Inserted (70, -70)
mmap()'ed the temp data file!
Initialized bf and fp's
About to merge 2 sorted arrays
Finished first merging loop
Finished second merging loop
Finished third merging loop
Inserted (71, -71)
Inserted (72, -72)
Inserted (73, -73)
Inserted (74, -74)
Inserted (75, -75)
mmap()'ed the temp data file!
Initialized bf and fp's
About to merge 2 sorted arrays
Finished first merging loop
Finished second merging loop
Finished third merging loop
Inserted (76, -76)
Inserted (77, -77)
Inserted (78, -78)
Inserted (79, -79)
Inserted (80, -80)
mmap()'ed the temp data file!
Initialized bf and fp's
About to merge 2 sorted arrays
Finished first merging loop
Finished second merging loop
Finished third merging loop
Inserted (81, -81)
Inserted (82, -82)
Inserted (83, -83)
Inserted (84, -84)
Inserted (85, -85)
mmap()'ed the temp data file!
Initialized bf and fp's
About to merge 2 sorted arrays
Finished first merging loop
Finished second merging loop
Finished third merging loop
Inserted (86, -86)
Inserted (87, -87)
Inserted (88, -88)
Inserted (89, -89)
Inserted (90, -90)
mmap()'ed the temp data file!
Initialized bf and fp's
About to merge 2 sorted arrays
Finished first merging loop
Finished second merging loop
Finished third merging loop
Inserted (91, -91)
Inserted (92, -92)
Inserted (93, -93)
Inserted (94, -94)
Inserted (95, -95)
mmap()'ed the temp data file!
Initialized bf and fp's
About to merge 2 sorted arrays
Finished first merging loop
Finished second merging loop
Finished third merging loop
Inserted (96, -96)
Inserted (97, -97)
Inserted (98, -98)
Inserted (99, -99)
Inserted (100, -100)
mmap()'ed the temp data file!
Initialized bf and fp's
About to merge 2 sorted arrays
Finished first merging loop
Finished second merging loop
Finished third merging loop
Inserted (101, -101)
Inserted (102, -102)
Inserted (103, -103)
Inserted (104, -104)
Inserted (105, -105)
mmap()'ed the temp data file!
Initialized bf and fp's
About to merge 2 sorted arrays
Finished first merging loop
Finished second merging loop
Finished third merging loop
Inserted (106, -106)
Inserted (107, -107)
Inserted (108, -108)
Inserted (109, -109)
Inserted (110, -110)
mmap()'ed the temp data file!
Initialized bf and fp's
About to merge 2 sorted arrays
Finished first merging loop
Finished second merging loop
Finished third merging loop
Inserted (111, -111)
Inserted (112, -112)
Inserted (113, -113)
Inserted (114, -114)
Inserted (115, -115)
mmap()'ed the temp data file!
Initialized bf and fp's
About to merge 2 sorted arrays
Finished first merging loop
Finished second merging loop
Finished third merging loop
Inserted (116, -116)
Inserted (117, -117)
Inserted (118, -118)
Inserted (119, -119)
Inserted (120, -120)
mmap()'ed the temp data file!
Initialized bf and fp's
About to merge 2 sorted arrays
Finished first merging loop
Finished second merging loop
Finished third merging loop
Inserted (121, -121)
Inserted (122, -122)
Inserted (123, -123)
Inserted (124, -124)
Inserted (125, -125)
mmap()'ed the temp data file!
Initialized bf and fp's
About to merge 2 sorted arrays
Finished first merging loop
Finished second merging loop
Finished third merging loop
Inserted (126, -126)
Inserted (127, -127)
Inserted (128, -128)
Inserted (129, -129)
Inserted (130, -130)
mmap()'ed the temp data file!
Initialized bf and fp's
About to merge 2 sorted arrays
Finished first merging loop
Finished second merging loop
Finished third merging loop
Inserted (131, -131)
Inserted (132, -132)
Inserted (133, -133)
Inserted (134, -134)
Inserted (135, -135)
mmap()'ed the temp data file!
Initialized bf and fp's
About to merge 2 sorted arrays
Finished first merging loop
Finished second merging loop
Finished third merging loop
Inserted (136, -136)
Inserted (137, -137)
Inserted (138, -138)
Inserted (139, -139)
Inserted (140, -140)
mmap()'ed the temp data file!
Initialized bf and fp's
About to merge 2 sorted arrays
Finished first merging loop
Finished second merging loop
Finished third merging loop
Inserted (141, -141)
Inserted (142, -142)
Inserted (143, -143)
Inserted (144, -144)
Inserted (145, -145)
mmap()'ed the temp data file!
Initialized bf and fp's
About to merge 2 sorted arrays
Finished first merging loop
Finished second merging loop
Finished third merging loop
Inserted (146, -146)
Inserted (147, -147)
Inserted (148, -148)
Inserted (149, -149)
Inserted (150, -150)
mmap()'ed the temp data file!
Initialized bf and fp's
About to merge 2 sorted arrays
Finished first merging loop
Finished second merging loop
Finished third merging loop
Inserted (151, -151)
Inserted (152, -152)
Inserted (153, -153)
Inserted (154, -154)
Inserted (155, -155)
mmap()'ed the temp data file!
Initialized bf and fp's
About to merge 2 sorted arrays
Finished first merging loop
Finished second merging loop
Finished third merging loop
Inserted (156, -156)
Inserted (157, -157)
Inserted (158, -158)
Inserted (159, -159)
Inserted (160, -160)
mmap()'ed the temp data file!
Initialized bf and fp's
About to merge 2 sorted arrays
Finished first merging loop
Finished second merging loop
Finished third merging loop
Inserted (161, -161)
Inserted (162, -162)
Inserted (163, -163)
Inserted (164, -164)
Inserted (165, -165)
mmap()'ed the temp data file!
Initialized bf and fp's
About to merge 2 sorted arrays
Finished first merging loop
Finished second merging loop
Finished third merging loop
Inserted (166, -166)
Inserted (167, -167)
Inserted (168, -168)
Inserted (169, -169)
Inserted (170, -170)
mmap()'ed the temp data file!
Initialized bf and fp's
About to merge 2 sorted arrays
Finished first merging loop
Finished second merging loop
Finished third merging loop
Inserted (171, -171)
Inserted (172, -172)
Inserted (173, -173)
Inserted (174, -174)
Inserted (175, -175)
mmap()'ed the temp data file!
Initialized bf and fp's
About to merge 2 sorted arrays
Finished first merging loop
Finished second merging loop
Finished third merging loop
Inserted (176, -176)
Inserted (177, -177)
Inserted (178, -178)
Inserted (179, -179)
Inserted (180, -180)
mmap()'ed the temp data file!
Initialized bf and fp's
About to merge 2 sorted arrays
Finished first merging loop
Finished second merging loop
Finished third merging loop
Inserted (181, -181)
Inserted (182, -182)
Inserted (183, -183)
Inserted (184, -184)
Inserted (185, -185)
mmap()'ed the temp data file!
Initialized bf and fp's
About to merge 2 sorted arrays
Finished first merging loop
Finished second merging loop
Finished third merging loop
Inserted (186, -186)
Inserted (187, -187)
Inserted (188, -188)
Inserted (189, -189)
Inserted (190, -190)
mmap()'ed the temp data file!
Initialized bf and fp's
About to merge 2 sorted arrays
Finished first merging loop
Finished second merging loop
Finished third merging loop
Inserted (191, -191)
Inserted (192, -192)
Inserted (193, -193)
Inserted (194, -194)
Inserted (195, -195)
mmap()'ed the temp data file!
Initialized bf and fp's
About to merge 2 sorted arrays
Finished first merging loop
Finished second merging loop
Finished third merging loop
Inserted (196, -196)
Inserted (197, -197)
Inserted (198, -198)
Inserted (199, -199)
Inserted (200, -200)
mmap()'ed the temp data file!
Initialized bf and fp's
About to merge 2 sorted arrays
Finished first merging loop
Finished second merging loop
Finished third merging loop
Inserted (201, -201)
Inserted (202, -202)
Inserted (203, -203)
Inserted (204, -204)
Inserted (205, -205)
mmap()'ed the temp data file!
Initialized bf and fp's
About to merge 2 sorted arrays
Finished first merging loop
Finished second merging loop
Finished third merging loop
Inserted (206, -206)
Inserted (207, -207)
Inserted (208, -208)
Inserted (209, -209)
Inserted (210, -210)
mmap()'ed the temp data file!
Initialized bf and fp's
About to merge 2 sorted arrays
Finished first merging loop
Finished second merging loop
Finished third merging loop
Inserted (211, -211)
Inserted (212, -212)
Inserted (213, -213)
Inserted (214, -214)
Inserted (215, -215)
mmap()'ed the temp data file!
Initialized bf and fp's
About to merge 2 sorted arrays
Finished first merging loop
Finished second merging loop
Finished third merging loop
Inserted (216, -216)
Inserted (217, -217)
Inserted (218, -218)
Inserted (219, -219)
Inserted (220, -220)
mmap()'ed the temp data file!
Initialized bf and fp's
About to merge 2 sorted arrays
Finished first merging loop
Finished second merging loop
Finished third merging loop
Inserted (221, -221)
Inserted (222, -222)
Inserted (223, -223)
Inserted (224, -224)
Inserted (225, -225)
mmap()'ed the temp data file!
Initialized bf and fp's
About to merge 2 sorted arrays
Finished first merging loop
Finished second merging loop
Finished third merging loop
Inserted (226, -226)
Inserted (227, -227)
Inserted (228, -228)
Inserted (229, -229)
Inserted (230, -230)
mmap()'ed the temp data file!
Initialized bf and fp's
About to merge 2 sorted arrays
Finished first merging loop
Finished second merging loop
Finished third merging loop
Inserted (231, -231)
Inserted (232, -232)
Inserted (233, -233)
Inserted (234, -234)
Inserted (235, -235)
mmap()'ed the temp data file!
Initialized bf and fp's
About to merge 2 sorted arrays
Finished first merging loop
Finished second merging loop
Finished third merging loop
Inserted (236, -236)
Inserted (237, -237)
Inserted (238, -238)
Inserted (239, -239)
Inserted (240, -240)
mmap()'ed the temp data file!
Initialized bf and fp's
About to merge 2 sorted arrays
Finished first merging loop
Finished second merging loop
Finished third merging loop
Inserted (241, -241)
Inserted (242, -242)
Inserted (243, -243)
Inserted (244, -244)
Inserted (245, -245)
mmap()'ed the temp data file!
Initialized bf and fp's
About to merge 2 sorted arrays
Finished first merging loop
Finished second merging loop
Finished third merging loop
Inserted (246, -246)
Inserted (247, -247)
Inserted (248, -248)
Inserted (249, -249)
Inserted (250, -250)
mmap()'ed the temp data file!
Initialized bf and fp's
About to merge 2 sorted arrays
Finished first merging loop
Finished second merging loop
Finished third merging loop
Inserted (251, -251)
Inserted (252, -252)
Inserted (253, -253)
Inserted (254, -254)
Inserted (255, -255)
mmap()'ed the temp data file!
Initialized bf and fp's
About to merge 2 sorted arrays
Finished first merging loop
Finished second merging loop
Finished third merging loop
Inserted (256, -256)
Inserted (257, -257)
Inserted (258, -258)
Inserted (259, -259)
Inserted (260, -260)
mmap()'ed the temp data file!
Initialized bf and fp's
About to merge 2 sorted arrays
Finished first merging loop
Finished second merging loop
Finished third merging loop
Inserted (261, -261)
Inserted (262, -262)
Inserted (263, -263)
Inserted (264, -264)
Inserted (265, -265)
mmap()'ed the temp data file!
Initialized bf and fp's
About to merge 2 sorted arrays
Finished first merging loop
Finished second merging loop
Finished third merging loop
Inserted (266, -266)
Inserted (267, -267)
Inserted (268, -268)
Inserted (269, -269)
Inserted (270, -270)
mmap()'ed the temp data file!
Initialized bf and fp's
About to merge 2 sorted arrays
Finished first merging loop
Finished second merging loop
Finished third merging loop
Inserted (271, -271)
Inserted (272, -272)
Inserted (273, -273)
Inserted (274, -274)
Inserted (275, -275)
mmap()'ed the temp data file!
Initialized bf and fp's
About to merge 2 sorted arrays
Finished first merging loop
Finished second merging loop
Finished third merging loop
Inserted (276, -276)
Inserted (277, -277)
Inserted (278, -278)
Inserted (279, -279)
Inserted (280, -280)
mmap()'ed the temp data file!
Initialized bf and fp's
About to merge 2 sorted arrays
Finished first merging loop
Finished second merging loop
Finished third merging loop
Inserted (281, -281)
Inserted (282, -282)
Inserted (283, -283)
Inserted (284, -284)
Inserted (285, -285)
mmap()'ed the temp data file!
Initialized bf and fp's
About to merge 2 sorted arrays
Finished first merging loop
Finished second merging loop
Finished third merging loop
Inserted (286, -286)
Inserted (287, -287)
Inserted (288, -288)
Inserted (289, -289)
Inserted (290, -290)
mmap()'ed the temp data file!
Initialized bf and fp's
About to merge 2 sorted arrays
Finished first merging loop
Finished second merging loop
Finished third merging loop
Inserted (291, -291)
Inserted (292, -292)
Inserted (293, -293)
Inserted (294, -294)
Inserted (295, -295)
mmap()'ed the temp data file!
Initialized bf and fp's
About to merge 2 sorted arrays
Finished first merging loop
Finished second merging loop
Finished third merging loop
Inserted (296, -296)
Inserted (297, -297)
Inserted (298, -298)
Inserted (299, -299)
Inserted (300, -300)
mmap()'ed the temp data file!
Initialized bf and fp's
About to merge 2 sorted arrays
Finished first merging loop
Finished second merging loop
Finished third merging loop
Inserted (301, -301)
Inserted (302, -302)
Inserted (303, -303)
Inserted (304, -304)
Inserted (305, -305)
mmap()'ed the temp data file!
Initialized bf and fp's
About to merge 2 sorted arrays
Finished first merging loop
Finished second merging loop
Finished third merging loop
Inserted (306, -306)
Inserted (307, -307)
Inserted (308, -308)
Inserted (309, -309)
Inserted (310, -310)
mmap()'ed the temp data file!
Initialized bf and fp's
About to merge 2 sorted arrays
Finished first merging loop
Finished second merging loop
Finished third merging loop
Inserted (311, -311)
Inserted (312, -312)
Inserted (313, -313)
Inserted (314, -314)
Inserted (315, -315)
mmap()'ed the temp data file!
Initialized bf and fp's
About to merge 2 sorted arrays
Finished first merging loop
Finished second merging loop
Finished third merging loop
Inserted (316, -316)
Inserted (317, -317)
Inserted (318, -318)
Inserted (319, -319)
Inserted (320, -320)
mmap()'ed the temp data file!
Initialized bf and fp's
About to merge 2 sorted arrays
Finished first merging loop
Finished second merging loop
Finished third merging loop
Inserted (321, -321)
Inserted (322, -322)
Inserted (323, -323)
Inserted (324, -324)
Inserted (325, -325)
mmap()'ed the temp data file!
Initialized bf and fp's
About to merge 2 sorted arrays
Finished first merging loop
Finished second merging loop
Finished third merging loop
Inserted (326, -326)
Inserted (327, -327)
Inserted (328, -328)
Inserted (329, -329)
Inserted (330, -330)
mmap()'ed the temp data file!
Initialized bf and fp's
About to merge 2 sorted arrays
Finished first merging loop
Finished second merging loop
Finished third merging loop
Inserted (331, -331)
Inserted (332, -332)
Inserted (333, -333)
Inserted (334, -334)
Inserted (335, -335)
mmap()'ed the temp data file!
Initialized bf and fp's
About to merge 2 sorted arrays
Finished first merging loop
Finished second merging loop
Finished third merging loop
Inserted (336, -336)
Inserted (337, -337)
Inserted (338, -338)
Inserted (339, -339)
Inserted (340, -340)
mmap()'ed the temp data file!
Initialized bf and fp's
About to merge 2 sorted arrays
Finished first merging loop
Finished second merging loop
Finished third merging loop
Inserted (341, -341)
Inserted (342, -342)
Inserted (343, -343)
Inserted (344, -344)
Inserted (345, -345)
mmap()'ed the temp data file!
Initialized bf and fp's
About to merge 2 sorted arrays
Finished first merging loop
Finished second merging loop
