







1684975774







550289315



504267529


550289315

-1558509808




1240860315





1571909183

550289315

550289315

-1623684933


550289315



-1858114315

-1384681616



1858115452










-1858114315

-1858114315


1099105562



504267529

1858115452

-465472505

-1384681616



518962975

-252924240
-252924240
1858115452

-84024379




-1511289149

16119658


-1216157923




1982589253

708208502






-1858114315






-1558509808


-1804059061

1606242697

-1858114315



518962975




870452105


1982589253


-87415731




-252924240


1858115452

-1216157923

2135020775






820347054










-87415731

427676708









-14071648




427676708


831572705


1099105562




-14071648



-1122583439





870452105






-1316110677


-1612057642

-1324479603



1636635322


158058082




1910089274


1625045397

-492400960





-84024379














741678143





-560380045

-1316110677



1609128615

-1175266726


-1621756550








-1511289149





1067519007






518962975



-22140295


1606242697


-552264251


-1870445311








-1911942272





-1299489564




-1368174963



-1804059061



504267529






1854762139

-485376929



-283698564



1910089274

2135020775

1625045397


-1828563885


-1291671165

-1496627398

870452105



550289315




-1439044173

-164638116

1609128615


-1001325694




956152254







-1511289149

550289315


1067519007




-243363538


-53174027

1240860315




1571909183

-1612057642


-1511289149

-1828563885

158058082





1240860315

-1690262588



550289315


-1286135815

-1122583439



741678143


158058082

-1368174963

-87415731

-73667538


427676708

1571909183

-14071648




-1828563885



2135020775


-1316110677





-87415731



-1824545206



-1299489564

-1299489564






-22140295



-1911942272



1619311695


-1619742505


679853202

158058082

-22140295






-1074633822

1240860315



-694940374

1858115452

-1627755189

1099105562


-897784830



-639845151



820347054






-1324479603



831572705

973744668

-1074633822

2135020775




508547914







-750585636




1109856148







-1384681616

1910089274

1892855566



973744668




-170244303


1099105562



518962975

-797031088


-1324479603


-56338540


1240860315



158058082




2135020775


630962366








983477633



-485376929




-53174027






1944782410






353559988


-112322320



1350954774

831572705








-220127501



905900271







-1511289149


-22140295

-500259326






-220127501



741678143





-1310894184

2118749855


1910089274



1892855566





1982589253






1619311695




-1632384497





2102047596


-1250523814




325102576


-1627755189

1970196956



-56338540





820347054

-112322320


-1384681616


518962975


16119658


-1804059061


-1218591916





1483819096




16119658

158058082


-1619742505

427676708


1099105562

-22140295


-56338540





2118749855














1982589253

-1627755189











-145344149



-1204820725

-1291671165










418702938










1754414174

770010084




905900271





-84024379

1892855566

-508103094

802410654


-694940374







1970196956












329569605
























1609128615










2135020775



973744668


78267072

-1122583439

-1122583439



-1870445311




-14071648




1124786095


-1511289149



42429665


-1511289149




-1612057642



198296598









1609128615




1754414174


770010084




-958468987

1240860315


1910089274









-1690262588





1761294004



1240860315


-53174027


550289315



-694940374

-1627755189



-1558509808


-1320929486




1240860315

-639845151


-1316110677


-220127501






398279788










1982589253


78267072












870452105

1124786095




-1218591916


1099105562

















-1074633822

-567163642

1444243054








-1362639500


1858115452


-283698564




-1873275373






-112322320


-1324479603

73633851

973744668





73133933




-112322320





-288410639





-694940374







-1828563885

-145344149










-1204820725

-2060553858











550289315


-637432459


-1033221602




1350954774













-1690262588








-737489829




