

=====NEW RUN=====

Inserted (-1109180, 699692587)
Inserted (1213834231, -226769626)
Inserted (994957275, 2082945813)
Inserted (-182635081, -1098200189)
Inserted (-1975497445, -1116893440)
mmap()'ed the temp data file!
Initialized bf and fp's
About to merge 2 sorted arrays
Finished first merging loop
Finished second merging loop
Finished third merging loop
Inserted (-1031033536, -1466144577)
Inserted (1355653262, -840082655)
Inserted (-2062992557, 724013039)
Inserted (2042384640, 1684975774)
Inserted (952055467, 915646049)
mmap()'ed the temp data file!
Initialized bf and fp's
About to merge 2 sorted arrays
Finished first merging loop
Finished second merging loop
Finished third merging loop
Inserted (130288710, 1432540170)
Inserted (833862964, -241734586)
Inserted (-1804179718, -436777310)
Inserted (-1436391977, 2141514974)
Inserted (-1887087266, 782906591)
mmap()'ed the temp data file!
Initialized bf and fp's
About to merge 2 sorted arrays
Finished first merging loop
Finished second merging loop
Finished third merging loop
Inserted (1273567457, 504267529)
Inserted (270229317, -1511289149)
Inserted (-1179318440, -1558509808)
Inserted (-1228854300, 427676708)
Inserted (-1291637557, 463051032)
mmap()'ed the temp data file!
Initialized bf and fp's
About to merge 2 sorted arrays
Finished first merging loop
Finished second merging loop
Finished third merging loop
Inserted (555093390, -2137162676)
Inserted (892407903, 1240860315)
Inserted (357233022, 550289315)
Inserted (-1944024987, 353559988)
Inserted (1254737873, -465472505)
mmap()'ed the temp data file!
Initialized bf and fp's
About to merge 2 sorted arrays
Finished first merging loop
Finished second merging loop
Finished third merging loop
Inserted (975463691, 1854762139)
Inserted (604443636, 1719671125)
Inserted (-1344552822, 733025979)
Inserted (1893311210, 194719064)
Inserted (1337007917, -2120936234)
mmap()'ed the temp data file!
Initialized bf and fp's
About to merge 2 sorted arrays
Finished first merging loop
Finished second merging loop
Finished third merging loop
Inserted (783448592, -2100101503)
Inserted (-1113306181, 1571909183)
Inserted (690668695, 1976143595)
Inserted (-1598430183, -1384681616)
Inserted (-1296236065, 2055300197)
mmap()'ed the temp data file!
Initialized bf and fp's
About to merge 2 sorted arrays
Finished first merging loop
Finished second merging loop
Finished third merging loop
Inserted (387009170, 1454827923)
Inserted (408940143, 1874933458)
Inserted (2038706525, 1800647543)
Inserted (-955471945, -1612285348)
Inserted (-84024379, 1590985600)
mmap()'ed the temp data file!
Initialized bf and fp's
About to merge 2 sorted arrays
Finished first merging loop
Finished second merging loop
Finished third merging loop
Inserted (-726654194, 604759087)
Inserted (-1099145235, -731262507)
Inserted (1679780257, -1623684933)
Inserted (1489062918, 198296598)
Inserted (-1661867495, -1858114315)
mmap()'ed the temp data file!
Initialized bf and fp's
About to merge 2 sorted arrays
Finished first merging loop
Finished second merging loop
Finished third merging loop
Inserted (2142733525, -1186261039)
Inserted (620839777, 181690703)
Inserted (1334820098, 522444777)
Inserted (1039681320, 1636635322)
Inserted (1890337673, -1718863514)
mmap()'ed the temp data file!
Initialized bf and fp's
About to merge 2 sorted arrays
Finished first merging loop
Finished second merging loop
Finished third merging loop
Inserted (-1526540237, 1858115452)
Inserted (-1907101793, -1216157923)
Inserted (-1536041303, -1349578688)
Inserted (412996093, 527995206)
Inserted (244802034, -772784685)
mmap()'ed the temp data file!
Initialized bf and fp's
About to merge 2 sorted arrays
Finished first merging loop
Finished second merging loop
Finished third merging loop
Inserted (539187127, 1356114753)
Inserted (775529037, 610861256)
Inserted (-1441263837, -1352101992)
Inserted (820347054, 1874078995)
Inserted (-152646468, -566233068)
mmap()'ed the temp data file!
Initialized bf and fp's
About to merge 2 sorted arrays
Finished first merging loop
Finished second merging loop
Finished third merging loop
Inserted (562125171, 2080663748)
Inserted (1609128615, -427456095)
Inserted (767325057, -1375956637)
Inserted (-1619742505, -70197162)
Inserted (1892855566, -838647008)
mmap()'ed the temp data file!
Initialized bf and fp's
About to merge 2 sorted arrays
Finished first merging loop
Finished second merging loop
Finished third merging loop
Inserted (-22140295, -1969023628)
Inserted (1099105562, -1550716688)
Inserted (-1821451519, 1111200036)
Inserted (822885674, 1914108211)
Inserted (641094776, -14071648)
mmap()'ed the temp data file!
Initialized bf and fp's
About to merge 2 sorted arrays
Finished first merging loop
Finished second merging loop
Finished third merging loop
Inserted (522964762, -1496627398)
Inserted (119379036, 1674941048)
Inserted (-739107848, 1218971450)
Inserted (-1674162603, 1015385028)
Inserted (1764462975, -1384205182)
mmap()'ed the temp data file!
Initialized bf and fp's
About to merge 2 sorted arrays
Finished first merging loop
Finished second merging loop
Finished third merging loop
Inserted (-656586304, -1506433031)
Inserted (349535825, 518962975)
Inserted (2058145168, -954005190)
Inserted (2027128790, -243363538)
Inserted (-82459110, 1436901627)
mmap()'ed the temp data file!
Initialized bf and fp's
About to merge 2 sorted arrays
Finished first merging loop
Finished second merging loop
Finished third merging loop
Inserted (870452105, 1472491888)
Inserted (-1488016140, -1362540593)
Inserted (-1675311523, 429183639)
Inserted (-1003927212, -1135668689)
Inserted (1035684720, 1130343958)
mmap()'ed the temp data file!
Initialized bf and fp's
About to merge 2 sorted arrays
Finished first merging loop
Finished second merging loop
Finished third merging loop
Inserted (-168062506, 1818470842)
Inserted (1443358746, 1071585)
Inserted (-563323544, 16119658)
Inserted (712304480, 50770126)
Inserted (-1690262588, -1159761347)
mmap()'ed the temp data file!
Initialized bf and fp's
About to merge 2 sorted arrays
Finished first merging loop
Finished second merging loop
Finished third merging loop
Inserted (-1658610898, -147024529)
Inserted (2135020775, -2019126820)
Inserted (1982589253, -1232510871)
Inserted (-1804059061, -1362352651)
Inserted (-197905590, 101598326)
mmap()'ed the temp data file!
Initialized bf and fp's
About to merge 2 sorted arrays
Finished first merging loop
Finished second merging loop
Finished third merging loop
Inserted (1203063920, -560380045)
Inserted (1285626622, 1372472276)
Inserted (1292577747, -252924240)
Inserted (-652289294, -1059370308)
Inserted (-1983226544, 1754414174)
mmap()'ed the temp data file!
Initialized bf and fp's
About to merge 2 sorted arrays
Finished first merging loop
Finished second merging loop
Finished third merging loop
Inserted (912127857, 327020537)
Inserted (1245260949, 84962329)
Inserted (1036151838, 1651926734)
Inserted (1953810200, 1606242697)
Inserted (1890596483, 506362934)
mmap()'ed the temp data file!
Initialized bf and fp's
About to merge 2 sorted arrays
Finished first merging loop
Finished second merging loop
Finished third merging loop
Inserted (-835672454, 708208502)
Inserted (1213456837, 741678143)
Inserted (-275555096, -1370296175)
Inserted (574223121, 1094191120)
Inserted (1715602679, 1585853817)
mmap()'ed the temp data file!
Initialized bf and fp's
About to merge 2 sorted arrays
Finished first merging loop
Finished second merging loop
Finished third merging loop
Inserted (-1175266726, 1193302802)
Inserted (-1316110677, -2145960271)
Inserted (508547914, 649842876)
Inserted (-1368174963, -1199730745)
Inserted (-87415731, -1302323801)
mmap()'ed the temp data file!
Initialized bf and fp's
About to merge 2 sorted arrays
Finished first merging loop
Finished second merging loop
Finished third merging loop
Inserted (-1901768258, -1370861297)
Inserted (-191761486, -1725679392)
Inserted (-985893013, -371095974)
Inserted (-1464761448, -1413153275)
Inserted (-1811680877, -201694713)
mmap()'ed the temp data file!
Initialized bf and fp's
About to merge 2 sorted arrays
Finished first merging loop
Finished second merging loop
Finished third merging loop
Inserted (699750924, 1439058797)
Inserted (-206911321, 470993173)
Inserted (-1635084158, -185470679)
Inserted (-63380428, 303816318)
Inserted (-2137474699, -1371291893)
mmap()'ed the temp data file!
Initialized bf and fp's
About to merge 2 sorted arrays
Finished first merging loop
Finished second merging loop
Finished third merging loop
Inserted (-1918475710, -1773797521)
Inserted (-1324479603, 1987057642)
Inserted (-1828563885, 313060544)
Inserted (-1553633474, 1665404872)
Inserted (949016907, 9585518)
mmap()'ed the temp data file!
Initialized bf and fp's
About to merge 2 sorted arrays
Finished first merging loop
Finished second merging loop
Finished third merging loop
Inserted (2128829640, 821698210)
Inserted (95627481, -414082003)
Inserted (-1122583439, 1909245634)
Inserted (1794017474, -1027093659)
Inserted (1880135773, 820265144)
mmap()'ed the temp data file!
Initialized bf and fp's
About to merge 2 sorted arrays
Finished first merging loop
Finished second merging loop
Finished third merging loop
Inserted (-1816285996, 569892094)
Inserted (1365045176, 2091290401)
Inserted (-261601866, -283698564)
Inserted (316367871, -1664573437)
Inserted (-2084138359, -1612057642)
mmap()'ed the temp data file!
Initialized bf and fp's
About to merge 2 sorted arrays
Finished first merging loop
Finished second merging loop
Finished third merging loop
Inserted (561117128, -1523809554)
Inserted (576163637, -1490671617)
Inserted (1139068316, 1639841142)
Inserted (-1760012914, -1418610165)
Inserted (-1914127423, 83772307)
mmap()'ed the temp data file!
Initialized bf and fp's
About to merge 2 sorted arrays
Finished first merging loop
Finished second merging loop
Finished third merging loop
Inserted (791764175, -37879626)
Inserted (-1831040062, -1555799997)
Inserted (-1740073368, -2082008211)
Inserted (1420317807, 1703995846)
Inserted (-498364467, -981463309)
mmap()'ed the temp data file!
Initialized bf and fp's
About to merge 2 sorted arrays
Finished first merging loop
Finished second merging loop
Finished third merging loop
Inserted (-1721958128, 106200066)
Inserted (52651100, -1295137426)
Inserted (1142422685, -1130861791)
Inserted (-117601, -1074633822)
Inserted (2082868395, -757200464)
mmap()'ed the temp data file!
Initialized bf and fp's
About to merge 2 sorted arrays
Finished first merging loop
Finished second merging loop
Finished third merging loop
Inserted (-1620160063, -418707368)
Inserted (242687680, -1120654080)
Inserted (1615664562, 158058082)
Inserted (-961221332, -698558451)
Inserted (1482115605, 351511495)
mmap()'ed the temp data file!
Initialized bf and fp's
About to merge 2 sorted arrays
Finished first merging loop
Finished second merging loop
Finished third merging loop
Inserted (956152254, 654880802)
Inserted (1723042934, -2011708530)
Inserted (-808713987, 175138313)
Inserted (506329435, -1824545206)
Inserted (-719998836, 878930065)
mmap()'ed the temp data file!
Initialized bf and fp's
About to merge 2 sorted arrays
Finished first merging loop
Finished second merging loop
Finished third merging loop
Inserted (1025302208, -13191135)
Inserted (1110638151, -463616089)
Inserted (-657732201, 1316766992)
Inserted (143290811, -1260914358)
Inserted (831572705, -2108922841)
mmap()'ed the temp data file!
Initialized bf and fp's
About to merge 2 sorted arrays
Finished first merging loop
Finished second merging loop
Finished third merging loop
Inserted (92535701, -1405601950)
Inserted (-800743204, -827708694)
Inserted (2068142044, -1986340361)
Inserted (-941248069, 1442460077)
Inserted (-1291671165, 1829034584)
mmap()'ed the temp data file!
Initialized bf and fp's
About to merge 2 sorted arrays
Finished first merging loop
Finished second merging loop
Finished third merging loop
Inserted (-750585636, -233587415)
Inserted (-1911942272, -1243413698)
Inserted (1625045397, -1510373651)
Inserted (196162825, 667770019)
Inserted (-492400960, -1195866107)
mmap()'ed the temp data file!
Initialized bf and fp's
About to merge 2 sorted arrays
Finished first merging loop
Finished second merging loop
Finished third merging loop
Inserted (-164638116, 1848128229)
Inserted (567070347, 1886913174)
Inserted (2006556048, 1761294004)
Inserted (1190550808, 1196189448)
Inserted (-194902155, -840278176)
mmap()'ed the temp data file!
Initialized bf and fp's
About to merge 2 sorted arrays
Finished first merging loop
Finished second merging loop
Finished third merging loop
Inserted (-135246518, -1190602)
Inserted (-226944856, 1067519007)
Inserted (28797696, 1910089274)
Inserted (-1399949838, 2132366913)
Inserted (90234042, -722571460)
mmap()'ed the temp data file!
Initialized bf and fp's
About to merge 2 sorted arrays
Finished first merging loop
Finished second merging loop
Finished third merging loop
Inserted (466200885, 400083245)
Inserted (-471563184, 1915320095)
Inserted (-399832385, -1915384384)
Inserted (-1033221602, -792200774)
Inserted (-2005885007, 236803650)
mmap()'ed the temp data file!
Initialized bf and fp's
About to merge 2 sorted arrays
Finished first merging loop
Finished second merging loop
Finished third merging loop
Inserted (231866619, -432983426)
Inserted (630962366, 2072954430)
Inserted (289064102, 1207581013)
Inserted (-288410639, -2116053365)
Inserted (-1870445311, -855930288)
mmap()'ed the temp data file!
Initialized bf and fp's
About to merge 2 sorted arrays
Finished first merging loop
Finished second merging loop
Finished third merging loop
Inserted (-1520901612, 1328087630)
Inserted (205327812, 1082184999)
Inserted (-1228871137, -1413069936)
Inserted (-1695284753, 636822958)
Inserted (-879393052, -1437622821)
mmap()'ed the temp data file!
Initialized bf and fp's
About to merge 2 sorted arrays
Finished first merging loop
Finished second merging loop
Finished third merging loop
Inserted (-625767961, -813751662)
Inserted (305561084, 295466124)
Inserted (-470442486, -1039184703)
Inserted (301981673, -635249380)
Inserted (-964834761, -1353364800)
mmap()'ed the temp data file!
Initialized bf and fp's
About to merge 2 sorted arrays
Finished first merging loop
Finished second merging loop
Finished third merging loop
Inserted (1007396550, 1982452512)
Inserted (-273007632, -1439044173)
Inserted (1974308805, -481794354)
Inserted (-1826983479, 129573251)
Inserted (-999203866, 1483819096)
mmap()'ed the temp data file!
Initialized bf and fp's
About to merge 2 sorted arrays
Finished first merging loop
Finished second merging loop
Finished third merging loop
Inserted (-1678803316, 934339514)
Inserted (-1530036741, -1840854557)
Inserted (-849067580, -161767593)
Inserted (1725588391, -14802957)
Inserted (-1091154431, 1925911368)
mmap()'ed the temp data file!
Initialized bf and fp's
About to merge 2 sorted arrays
Finished first merging loop
Finished second merging loop
Finished third merging loop
Inserted (1699880541, 529955697)
Inserted (-2007403664, -715629159)
Inserted (-353591216, -749009798)
Inserted (1915192058, 1147341248)
Inserted (-1441395751, -1001325694)
mmap()'ed the temp data file!
Initialized bf and fp's
About to merge 2 sorted arrays
Finished first merging loop
Finished second merging loop
Finished third merging loop
Inserted (-1434655335, -2130496601)
Inserted (-708009460, -1621756550)
Inserted (1965114690, -1911332268)
Inserted (1571157921, -1476170677)
Inserted (-356316202, 1185645442)
mmap()'ed the temp data file!
Initialized bf and fp's
About to merge 2 sorted arrays
Finished first merging loop
Finished second merging loop
Finished third merging loop
Inserted (520612062, -145263293)
Inserted (-1299489564, 1905023250)
Inserted (-1588296841, 1582036922)
Inserted (1023026662, 1289666239)
Inserted (-1244113849, 203902877)
mmap()'ed the temp data file!
Initialized bf and fp's
About to merge 2 sorted arrays
Finished first merging loop
Finished second merging loop
Finished third merging loop
Inserted (2115380672, 348983186)
Inserted (524058088, -29625911)
Inserted (1525104349, -1009902587)
Inserted (-411889327, 1701277832)
Inserted (-785399812, 1498832869)
mmap()'ed the temp data file!
Initialized bf and fp's
About to merge 2 sorted arrays
Finished first merging loop
Finished second merging loop
Finished third merging loop
Inserted (1143292951, 1578408889)
Inserted (-1063793764, -1770385417)
Inserted (2102047596, -1402418230)
Inserted (1410021181, -627297844)
Inserted (-719919255, 685428189)
mmap()'ed the temp data file!
Initialized bf and fp's
About to merge 2 sorted arrays
Finished first merging loop
Finished second merging loop
Finished third merging loop
Inserted (1384744794, -214002298)
Inserted (409639859, 992222723)
Inserted (-598685145, 1544587029)
Inserted (-65095817, 137334448)
Inserted (-735943014, -2075287440)
mmap()'ed the temp data file!
Initialized bf and fp's
About to merge 2 sorted arrays
Finished first merging loop
Finished second merging loop
Finished third merging loop
Inserted (2101991026, -154716327)
Inserted (-171232877, -1366586477)
Inserted (-597910262, 1957771857)
Inserted (1427606996, 254046475)
Inserted (1942381680, 933529249)
mmap()'ed the temp data file!
Initialized bf and fp's
About to merge 2 sorted arrays
Finished first merging loop
Finished second merging loop
Finished third merging loop
Inserted (1484372652, -1932855571)
Inserted (1364177183, -459662679)
Inserted (2104729183, 1101568958)
Inserted (-133149835, -383813461)
Inserted (973744668, 1408012996)
mmap()'ed the temp data file!
Initialized bf and fp's
About to merge 2 sorted arrays
Finished first merging loop
Finished second merging loop
Finished third merging loop
Inserted (1231376100, 612097498)
Inserted (426411823, 826061407)
Inserted (1324468568, -552264251)
Inserted (1679971243, -907694600)
Inserted (862498327, -58085314)
mmap()'ed the temp data file!
Initialized bf and fp's
About to merge 2 sorted arrays
Finished first merging loop
Finished second merging loop
Finished third merging loop
Inserted (-503103339, 471855634)
Inserted (1521634994, -1908070652)
Inserted (-1328440008, -1529799696)
Inserted (1559521029, 338712765)
Inserted (862517110, -1215589432)
mmap()'ed the temp data file!
Initialized bf and fp's
About to merge 2 sorted arrays
Finished first merging loop
Finished second merging loop
Finished third merging loop
Inserted (-1097992301, -997993933)
Inserted (1054167298, -1425889976)
Inserted (-485376929, 1575608455)
Inserted (-2011948963, -2135268852)
Inserted (1350954774, -1621172496)
mmap()'ed the temp data file!
Initialized bf and fp's
About to merge 2 sorted arrays
Finished first merging loop
Finished second merging loop
Finished third merging loop
Inserted (85486420, -1390044113)
Inserted (1846056923, 1000019620)
Inserted (-53174027, 1316717295)
Inserted (2124449900, -1079690812)
Inserted (-464528369, 194499724)
mmap()'ed the temp data file!
Initialized bf and fp's
About to merge 2 sorted arrays
Finished first merging loop
Finished second merging loop
Finished third merging loop
Inserted (1836360821, 974864987)
Inserted (2079077640, 707147596)
Inserted (385720225, 1650400185)
Inserted (102372574, 1416199095)
Inserted (-2013348659, 2047339445)
mmap()'ed the temp data file!
Initialized bf and fp's
About to merge 2 sorted arrays
Finished first merging loop
Finished second merging loop
Finished third merging loop
Inserted (-526208769, 1956364594)
Inserted (2135897952, 1701598614)
Inserted (-489090569, -1133570323)
Inserted (467797509, 1709061556)
Inserted (-676135136, -746463942)
mmap()'ed the temp data file!
Initialized bf and fp's
About to merge 2 sorted arrays
Finished first merging loop
Finished second merging loop
Finished third merging loop
Inserted (-272063993, 1054799344)
Inserted (-1547525609, 2118857824)
Inserted (315463230, -944299665)
Inserted (180870192, -1283694958)
Inserted (-255450624, -1286135815)
mmap()'ed the temp data file!
Initialized bf and fp's
About to merge 2 sorted arrays
Finished first merging loop
Finished second merging loop
Finished third merging loop
Inserted (-958807332, 827823081)
Inserted (29743803, -674380193)
Inserted (-346500024, 1039739722)
Inserted (816476178, -1137802812)
Inserted (706617979, -41633480)
mmap()'ed the temp data file!
Initialized bf and fp's
About to merge 2 sorted arrays
Finished first merging loop
Finished second merging loop
Finished third merging loop
Inserted (-73667538, -1472445619)
Inserted (80632188, -1032525246)
Inserted (1535741194, -2108758746)
Inserted (-1121417331, -1855755882)
Inserted (1241488790, 1782485045)
mmap()'ed the temp data file!
Initialized bf and fp's
About to merge 2 sorted arrays
Finished first merging loop
Finished second merging loop
Finished third merging loop
Inserted (-81370040, 1571461871)
Inserted (-2070697100, -669117156)
Inserted (-136912164, 1111943533)
Inserted (2054327701, 1878365234)
Inserted (1629502005, 872230049)
mmap()'ed the temp data file!
Initialized bf and fp's
About to merge 2 sorted arrays
Finished first merging loop
Finished second merging loop
Finished third merging loop
Inserted (-1929210196, 1097547636)
Inserted (-1932314245, -556293016)
Inserted (1036075878, 674774742)
Inserted (937423116, 499409079)
Inserted (-1077958299, 679853202)
mmap()'ed the temp data file!
Initialized bf and fp's
About to merge 2 sorted arrays
Finished first merging loop
Finished second merging loop
Finished third merging loop
Inserted (2045924450, -1952804276)
Inserted (-519785011, 73633851)
Inserted (-1962877418, 1365877260)
Inserted (-907074146, -550952503)
Inserted (-1123175139, 396567278)
mmap()'ed the temp data file!
Initialized bf and fp's
About to merge 2 sorted arrays
Finished first merging loop
Finished second merging loop
Finished third merging loop
Inserted (1294497315, -1558629517)
Inserted (-1840117443, -1233470189)
Inserted (-1527766072, 989886916)
Inserted (-121566531, -145344149)
Inserted (1253631842, 752846855)
mmap()'ed the temp data file!
Initialized bf and fp's
About to merge 2 sorted arrays
Finished first merging loop
Finished second merging loop
Finished third merging loop
Inserted (1343820329, -65922251)
Inserted (-1853745018, -668002432)
Inserted (620338911, 1975429876)
Inserted (-1684065674, 790800997)
Inserted (1472338381, -1690357404)
mmap()'ed the temp data file!
Initialized bf and fp's
About to merge 2 sorted arrays
Finished first merging loop
Finished second merging loop
Finished third merging loop
Inserted (-694940374, 799673595)
Inserted (130027854, 1320237976)
Inserted (538099397, 1161337531)
Inserted (-540472325, 1591326432)
Inserted (-454264217, 1752328076)
mmap()'ed the temp data file!
Initialized bf and fp's
About to merge 2 sorted arrays
Finished first merging loop
Finished second merging loop
Finished third merging loop
Inserted (-507328114, -1512037918)
Inserted (1017850244, -2023757083)
Inserted (1261567368, 405103142)
Inserted (-281154461, 522608753)
Inserted (1501871725, 287878162)
mmap()'ed the temp data file!
Initialized bf and fp's
About to merge 2 sorted arrays
Finished first merging loop
Finished second merging loop
Finished third merging loop
Inserted (-1536753175, -1320929486)
Inserted (1438499366, 1607366572)
Inserted (1348126030, -1981103940)
Inserted (423451662, 2106742556)
Inserted (1411908953, -1246718223)
mmap()'ed the temp data file!
Initialized bf and fp's
About to merge 2 sorted arrays
Finished first merging loop
Finished second merging loop
Finished third merging loop
Inserted (-508103094, 1687924213)
Inserted (-626020376, 1991905300)
Inserted (-2031277339, 2118749855)
Inserted (1150124966, -1790668605)
Inserted (246322459, -174648968)
mmap()'ed the temp data file!
Initialized bf and fp's
About to merge 2 sorted arrays
Finished first merging loop
Finished second merging loop
Finished third merging loop
Inserted (-981755765, 183474402)
Inserted (2140755018, 224602180)
Inserted (-1883122185, -170244303)
Inserted (-1632872203, -2024525743)
Inserted (-1296070039, 799559880)
mmap()'ed the temp data file!
Initialized bf and fp's
About to merge 2 sorted arrays
Finished first merging loop
Finished second merging loop
Finished third merging loop
Inserted (-1915563284, -1434002428)
Inserted (655974859, -220116398)
Inserted (802410654, -1801684389)
Inserted (-639845151, 458985303)
Inserted (-1392163240, -875979024)
mmap()'ed the temp data file!
Initialized bf and fp's
About to merge 2 sorted arrays
Finished first merging loop
Finished second merging loop
Finished third merging loop
Inserted (-1470398791, 40155899)
Inserted (885912544, -1561562629)
Inserted (164310246, -1384223935)
Inserted (-1383331977, -1410105329)
Inserted (1702171629, -1453429614)
mmap()'ed the temp data file!
Initialized bf and fp's
About to merge 2 sorted arrays
Finished first merging loop
Finished second merging loop
Finished third merging loop
Inserted (-1574705163, -162675156)
Inserted (-31304222, 426682780)
Inserted (291599392, 1829712554)
Inserted (-227437836, -1252730251)
Inserted (2004967383, 192570393)
mmap()'ed the temp data file!
Initialized bf and fp's
About to merge 2 sorted arrays
Finished first merging loop
Finished second merging loop
Finished third merging loop
Inserted (-1079836719, -1381387349)
Inserted (905900271, 1711502833)
Inserted (-198961849, 124134368)
Inserted (-275880484, -657428610)
Inserted (-1448434016, -567318350)
mmap()'ed the temp data file!
Initialized bf and fp's
About to merge 2 sorted arrays
Finished first merging loop
Finished second merging loop
Finished third merging loop
Inserted (-1493105336, 1944782410)
Inserted (1310948497, 1511978756)
Inserted (1201059267, 1013808107)
Inserted (115978981, -1494380662)
Inserted (-1236949608, -1632384497)
mmap()'ed the temp data file!
Initialized bf and fp's
About to merge 2 sorted arrays
Finished first merging loop
Finished second merging loop
Finished third merging loop
Inserted (538756736, 1944718085)
Inserted (-333583626, 519022571)
Inserted (1734346340, 1117938953)
Inserted (-949859340, -1426611185)
Inserted (115059757, 2110256163)
mmap()'ed the temp data file!
Initialized bf and fp's
About to merge 2 sorted arrays
Finished first merging loop


=====NEW RUN=====

Inserted (-1109180, 699692587)
Inserted (1213834231, -226769626)
Inserted (994957275, 2082945813)
Inserted (-182635081, -1098200189)
Inserted (-1975497445, -1116893440)
mmap()'ed the temp data file!
Initialized bf and fp's
About to merge 2 sorted arrays
Finished first merging loop
Finished second merging loop
Finished third merging loop
Inserted (-1031033536, -1466144577)
Inserted (1355653262, -840082655)
Inserted (-2062992557, 724013039)
Inserted (2042384640, 1684975774)
Inserted (952055467, 915646049)
mmap()'ed the temp data file!
Initialized bf and fp's
About to merge 2 sorted arrays
Finished first merging loop
Finished second merging loop
Finished third merging loop
Inserted (130288710, 1432540170)
Inserted (833862964, -241734586)
Inserted (-1804179718, -436777310)
Inserted (-1436391977, 2141514974)
Inserted (-1887087266, 782906591)
mmap()'ed the temp data file!
Initialized bf and fp's
About to merge 2 sorted arrays
Finished first merging loop
Finished second merging loop
Finished third merging loop
Inserted (1273567457, 504267529)
Inserted (270229317, -1511289149)
Inserted (-1179318440, -1558509808)
Inserted (-1228854300, 427676708)
Inserted (-1291637557, 463051032)
mmap()'ed the temp data file!
Initialized bf and fp's
About to merge 2 sorted arrays
Finished first merging loop
Finished second merging loop
Finished third merging loop
Inserted (555093390, -2137162676)
Inserted (892407903, 1240860315)
Inserted (357233022, 550289315)
Inserted (-1944024987, 353559988)
Inserted (1254737873, -465472505)
mmap()'ed the temp data file!
Initialized bf and fp's
About to merge 2 sorted arrays
Finished first merging loop
Finished second merging loop
Finished third merging loop
Inserted (975463691, 1854762139)
Inserted (604443636, 1719671125)
Inserted (-1344552822, 733025979)
Inserted (1893311210, 194719064)
Inserted (1337007917, -2120936234)
mmap()'ed the temp data file!
Initialized bf and fp's
About to merge 2 sorted arrays
Finished first merging loop
Finished second merging loop
Finished third merging loop
Inserted (783448592, -2100101503)
Inserted (-1113306181, 1571909183)
Inserted (690668695, 1976143595)
Inserted (-1598430183, -1384681616)
Inserted (-1296236065, 2055300197)
mmap()'ed the temp data file!
Initialized bf and fp's
About to merge 2 sorted arrays
Finished first merging loop
Finished second merging loop
Finished third merging loop
Inserted (387009170, 1454827923)
Inserted (408940143, 1874933458)
Inserted (2038706525, 1800647543)
Inserted (-955471945, -1612285348)
Inserted (-84024379, 1590985600)
mmap()'ed the temp data file!
Initialized bf and fp's
About to merge 2 sorted arrays
Finished first merging loop
Finished second merging loop
Finished third merging loop
Inserted (-726654194, 604759087)
Inserted (-1099145235, -731262507)
Inserted (1679780257, -1623684933)
Inserted (1489062918, 198296598)
Inserted (-1661867495, -1858114315)
mmap()'ed the temp data file!
Initialized bf and fp's
About to merge 2 sorted arrays
Finished first merging loop
Finished second merging loop
Finished third merging loop
Inserted (2142733525, -1186261039)
Inserted (620839777, 181690703)
Inserted (1334820098, 522444777)
Inserted (1039681320, 1636635322)
Inserted (1890337673, -1718863514)
mmap()'ed the temp data file!
Initialized bf and fp's
About to merge 2 sorted arrays
Finished first merging loop
Finished second merging loop
Finished third merging loop
Inserted (-1526540237, 1858115452)
Inserted (-1907101793, -1216157923)
Inserted (-1536041303, -1349578688)
Inserted (412996093, 527995206)
Inserted (244802034, -772784685)
mmap()'ed the temp data file!
Initialized bf and fp's
About to merge 2 sorted arrays
Finished first merging loop
Finished second merging loop
Finished third merging loop
Inserted (539187127, 1356114753)
Inserted (775529037, 610861256)
Inserted (-1441263837, -1352101992)
Inserted (820347054, 1874078995)
Inserted (-152646468, -566233068)
mmap()'ed the temp data file!
Initialized bf and fp's
About to merge 2 sorted arrays
Finished first merging loop
Finished second merging loop
Finished third merging loop
Inserted (562125171, 2080663748)
Inserted (1609128615, -427456095)
Inserted (767325057, -1375956637)
Inserted (-1619742505, -70197162)
Inserted (1892855566, -838647008)
mmap()'ed the temp data file!
Initialized bf and fp's
About to merge 2 sorted arrays
Finished first merging loop
Finished second merging loop
Finished third merging loop
Inserted (-22140295, -1969023628)
Inserted (1099105562, -1550716688)
Inserted (-1821451519, 1111200036)
Inserted (822885674, 1914108211)
Inserted (641094776, -14071648)
mmap()'ed the temp data file!
Initialized bf and fp's
About to merge 2 sorted arrays
Finished first merging loop
Finished second merging loop
Finished third merging loop
Inserted (522964762, -1496627398)
Inserted (119379036, 1674941048)
Inserted (-739107848, 1218971450)
Inserted (-1674162603, 1015385028)
Inserted (1764462975, -1384205182)
mmap()'ed the temp data file!
Initialized bf and fp's
About to merge 2 sorted arrays
Finished first merging loop
Finished second merging loop
Finished third merging loop
Inserted (-656586304, -1506433031)
Inserted (349535825, 518962975)
Inserted (2058145168, -954005190)
Inserted (2027128790, -243363538)
Inserted (-82459110, 1436901627)
mmap()'ed the temp data file!
Initialized bf and fp's
About to merge 2 sorted arrays
Finished first merging loop
Finished second merging loop
Finished third merging loop
Inserted (870452105, 1472491888)
Inserted (-1488016140, -1362540593)
Inserted (-1675311523, 429183639)
Inserted (-1003927212, -1135668689)
Inserted (1035684720, 1130343958)
mmap()'ed the temp data file!
Initialized bf and fp's
About to merge 2 sorted arrays
Finished first merging loop
Finished second merging loop
Finished third merging loop
Inserted (-168062506, 1818470842)
Inserted (1443358746, 1071585)
Inserted (-563323544, 16119658)
Inserted (712304480, 50770126)
Inserted (-1690262588, -1159761347)
mmap()'ed the temp data file!
Initialized bf and fp's
About to merge 2 sorted arrays
Finished first merging loop
Finished second merging loop
Finished third merging loop
Inserted (-1658610898, -147024529)
Inserted (2135020775, -2019126820)
Inserted (1982589253, -1232510871)
Inserted (-1804059061, -1362352651)
Inserted (-197905590, 101598326)
mmap()'ed the temp data file!
Initialized bf and fp's
About to merge 2 sorted arrays
Finished first merging loop
Finished second merging loop
Finished third merging loop
Inserted (1203063920, -560380045)
Inserted (1285626622, 1372472276)
Inserted (1292577747, -252924240)
Inserted (-652289294, -1059370308)
Inserted (-1983226544, 1754414174)
mmap()'ed the temp data file!
Initialized bf and fp's
About to merge 2 sorted arrays
Finished first merging loop
Finished second merging loop
Finished third merging loop
Inserted (912127857, 327020537)
Inserted (1245260949, 84962329)
Inserted (1036151838, 1651926734)
Inserted (1953810200, 1606242697)
Inserted (1890596483, 506362934)
mmap()'ed the temp data file!
Initialized bf and fp's
About to merge 2 sorted arrays
Finished first merging loop
Finished second merging loop
Finished third merging loop
Inserted (-835672454, 708208502)
Inserted (1213456837, 741678143)
Inserted (-275555096, -1370296175)
Inserted (574223121, 1094191120)
Inserted (1715602679, 1585853817)
mmap()'ed the temp data file!
Initialized bf and fp's
About to merge 2 sorted arrays
Finished first merging loop
Finished second merging loop
Finished third merging loop
Inserted (-1175266726, 1193302802)
Inserted (-1316110677, -2145960271)
Inserted (508547914, 649842876)
Inserted (-1368174963, -1199730745)
Inserted (-87415731, -1302323801)
mmap()'ed the temp data file!
Initialized bf and fp's
About to merge 2 sorted arrays
Finished first merging loop
Finished second merging loop
Finished third merging loop
Inserted (-1901768258, -1370861297)
Inserted (-191761486, -1725679392)
Inserted (-985893013, -371095974)
Inserted (-1464761448, -1413153275)
Inserted (-1811680877, -201694713)
mmap()'ed the temp data file!
Initialized bf and fp's
About to merge 2 sorted arrays
Finished first merging loop
Finished second merging loop
Finished third merging loop
Inserted (699750924, 1439058797)
Inserted (-206911321, 470993173)
Inserted (-1635084158, -185470679)
Inserted (-63380428, 303816318)
Inserted (-2137474699, -1371291893)
mmap()'ed the temp data file!
Initialized bf and fp's
About to merge 2 sorted arrays
Finished first merging loop
Finished second merging loop
Finished third merging loop
Inserted (-1918475710, -1773797521)
Inserted (-1324479603, 1987057642)
Inserted (-1828563885, 313060544)
Inserted (-1553633474, 1665404872)
Inserted (949016907, 9585518)
mmap()'ed the temp data file!
Initialized bf and fp's
About to merge 2 sorted arrays
Finished first merging loop
Finished second merging loop
Finished third merging loop
Inserted (2128829640, 821698210)
Inserted (95627481, -414082003)
Inserted (-1122583439, 1909245634)
Inserted (1794017474, -1027093659)
Inserted (1880135773, 820265144)
mmap()'ed the temp data file!
Initialized bf and fp's
About to merge 2 sorted arrays
Finished first merging loop
Finished second merging loop
Finished third merging loop
Inserted (-1816285996, 569892094)
Inserted (1365045176, 2091290401)
Inserted (-261601866, -283698564)
Inserted (316367871, -1664573437)
Inserted (-2084138359, -1612057642)
mmap()'ed the temp data file!
Initialized bf and fp's
About to merge 2 sorted arrays
Finished first merging loop
Finished second merging loop
Finished third merging loop
Inserted (561117128, -1523809554)
Inserted (576163637, -1490671617)
Inserted (1139068316, 1639841142)
Inserted (-1760012914, -1418610165)
Inserted (-1914127423, 83772307)
mmap()'ed the temp data file!
Initialized bf and fp's
About to merge 2 sorted arrays
Finished first merging loop
Finished second merging loop
Finished third merging loop
Inserted (791764175, -37879626)
Inserted (-1831040062, -1555799997)
Inserted (-1740073368, -2082008211)
Inserted (1420317807, 1703995846)
Inserted (-498364467, -981463309)
mmap()'ed the temp data file!
Initialized bf and fp's
About to merge 2 sorted arrays
Finished first merging loop
Finished second merging loop
Finished third merging loop
Inserted (-1721958128, 106200066)
Inserted (52651100, -1295137426)
Inserted (1142422685, -1130861791)
Inserted (-117601, -1074633822)
Inserted (2082868395, -757200464)
mmap()'ed the temp data file!
Initialized bf and fp's
About to merge 2 sorted arrays
Finished first merging loop
Finished second merging loop
Finished third merging loop
Inserted (-1620160063, -418707368)
Inserted (242687680, -1120654080)
Inserted (1615664562, 158058082)
Inserted (-961221332, -698558451)
Inserted (1482115605, 351511495)
mmap()'ed the temp data file!
Initialized bf and fp's
About to merge 2 sorted arrays
Finished first merging loop
Finished second merging loop
Finished third merging loop
Inserted (956152254, 654880802)
Inserted (1723042934, -2011708530)
Inserted (-808713987, 175138313)
Inserted (506329435, -1824545206)
Inserted (-719998836, 878930065)
mmap()'ed the temp data file!
Initialized bf and fp's
About to merge 2 sorted arrays
Finished first merging loop
Finished second merging loop
Finished third merging loop
Inserted (1025302208, -13191135)
Inserted (1110638151, -463616089)
Inserted (-657732201, 1316766992)
Inserted (143290811, -1260914358)
Inserted (831572705, -2108922841)
mmap()'ed the temp data file!
Initialized bf and fp's
About to merge 2 sorted arrays
Finished first merging loop
Finished second merging loop
Finished third merging loop
Inserted (92535701, -1405601950)
Inserted (-800743204, -827708694)
Inserted (2068142044, -1986340361)
Inserted (-941248069, 1442460077)
Inserted (-1291671165, 1829034584)
mmap()'ed the temp data file!
Initialized bf and fp's
About to merge 2 sorted arrays
Finished first merging loop
Finished second merging loop
Finished third merging loop
Inserted (-750585636, -233587415)
Inserted (-1911942272, -1243413698)
Inserted (1625045397, -1510373651)
Inserted (196162825, 667770019)
Inserted (-492400960, -1195866107)
mmap()'ed the temp data file!
Initialized bf and fp's
About to merge 2 sorted arrays
Finished first merging loop
Finished second merging loop
Finished third merging loop
Inserted (-164638116, 1848128229)
Inserted (567070347, 1886913174)
Inserted (2006556048, 1761294004)
Inserted (1190550808, 1196189448)
Inserted (-194902155, -840278176)
mmap()'ed the temp data file!
Initialized bf and fp's
About to merge 2 sorted arrays
Finished first merging loop
Finished second merging loop
Finished third merging loop
Inserted (-135246518, -1190602)
Inserted (-226944856, 1067519007)
Inserted (28797696, 1910089274)
Inserted (-1399949838, 2132366913)
Inserted (90234042, -722571460)
mmap()'ed the temp data file!
Initialized bf and fp's
About to merge 2 sorted arrays
Finished first merging loop
Finished second merging loop
Finished third merging loop
Inserted (466200885, 400083245)
Inserted (-471563184, 1915320095)
Inserted (-399832385, -1915384384)
Inserted (-1033221602, -792200774)
Inserted (-2005885007, 236803650)
mmap()'ed the temp data file!
Initialized bf and fp's
About to merge 2 sorted arrays
Finished first merging loop
Finished second merging loop
Finished third merging loop
Inserted (231866619, -432983426)
Inserted (630962366, 2072954430)
Inserted (289064102, 1207581013)
Inserted (-288410639, -2116053365)
Inserted (-1870445311, -855930288)
mmap()'ed the temp data file!
Initialized bf and fp's
About to merge 2 sorted arrays
Finished first merging loop
Finished second merging loop
Finished third merging loop
Inserted (-1520901612, 1328087630)
Inserted (205327812, 1082184999)
Inserted (-1228871137, -1413069936)
Inserted (-1695284753, 636822958)
Inserted (-879393052, -1437622821)
mmap()'ed the temp data file!
Initialized bf and fp's
About to merge 2 sorted arrays
Finished first merging loop
Finished second merging loop
Finished third merging loop
Inserted (-625767961, -813751662)
Inserted (305561084, 295466124)
Inserted (-470442486, -1039184703)
Inserted (301981673, -635249380)
Inserted (-964834761, -1353364800)
mmap()'ed the temp data file!
Initialized bf and fp's
About to merge 2 sorted arrays
Finished first merging loop
Finished second merging loop
Finished third merging loop
Inserted (1007396550, 1982452512)
Inserted (-273007632, -1439044173)
Inserted (1974308805, -481794354)
Inserted (-1826983479, 129573251)
Inserted (-999203866, 1483819096)
mmap()'ed the temp data file!
Initialized bf and fp's
About to merge 2 sorted arrays
Finished first merging loop
Finished second merging loop
Finished third merging loop
Inserted (-1678803316, 934339514)
Inserted (-1530036741, -1840854557)
Inserted (-849067580, -161767593)
Inserted (1725588391, -14802957)
Inserted (-1091154431, 1925911368)
mmap()'ed the temp data file!
Initialized bf and fp's
About to merge 2 sorted arrays
Finished first merging loop
Finished second merging loop
Finished third merging loop
Inserted (1699880541, 529955697)
Inserted (-2007403664, -715629159)
Inserted (-353591216, -749009798)
Inserted (1915192058, 1147341248)
Inserted (-1441395751, -1001325694)
mmap()'ed the temp data file!
Initialized bf and fp's
About to merge 2 sorted arrays
Finished first merging loop
Finished second merging loop
Finished third merging loop
Inserted (-1434655335, -2130496601)
Inserted (-708009460, -1621756550)
Inserted (1965114690, -1911332268)
Inserted (1571157921, -1476170677)
Inserted (-356316202, 1185645442)
mmap()'ed the temp data file!
Initialized bf and fp's
About to merge 2 sorted arrays
Finished first merging loop
Finished second merging loop
Finished third merging loop
Inserted (520612062, -145263293)
Inserted (-1299489564, 1905023250)
Inserted (-1588296841, 1582036922)
Inserted (1023026662, 1289666239)
Inserted (-1244113849, 203902877)
mmap()'ed the temp data file!
Initialized bf and fp's
About to merge 2 sorted arrays
Finished first merging loop
Finished second merging loop
Finished third merging loop
Inserted (2115380672, 348983186)
Inserted (524058088, -29625911)
Inserted (1525104349, -1009902587)
Inserted (-411889327, 1701277832)
Inserted (-785399812, 1498832869)
mmap()'ed the temp data file!
Initialized bf and fp's
About to merge 2 sorted arrays
Finished first merging loop
Finished second merging loop
Finished third merging loop
Inserted (1143292951, 1578408889)
Inserted (-1063793764, -1770385417)
Inserted (2102047596, -1402418230)
Inserted (1410021181, -627297844)
Inserted (-719919255, 685428189)
mmap()'ed the temp data file!
Initialized bf and fp's
About to merge 2 sorted arrays
Finished first merging loop
Finished second merging loop
Finished third merging loop
Inserted (1384744794, -214002298)
Inserted (409639859, 992222723)
Inserted (-598685145, 1544587029)
Inserted (-65095817, 137334448)
Inserted (-735943014, -2075287440)
mmap()'ed the temp data file!
Initialized bf and fp's
About to merge 2 sorted arrays
Finished first merging loop
Finished second merging loop
Finished third merging loop
Inserted (2101991026, -154716327)
Inserted (-171232877, -1366586477)
Inserted (-597910262, 1957771857)
Inserted (1427606996, 254046475)
Inserted (1942381680, 933529249)
mmap()'ed the temp data file!
Initialized bf and fp's
About to merge 2 sorted arrays
Finished first merging loop
Finished second merging loop
Finished third merging loop
Inserted (1484372652, -1932855571)
Inserted (1364177183, -459662679)
Inserted (2104729183, 1101568958)
Inserted (-133149835, -383813461)
Inserted (973744668, 1408012996)
mmap()'ed the temp data file!
Initialized bf and fp's
About to merge 2 sorted arrays
Finished first merging loop
Finished second merging loop
Finished third merging loop
Inserted (1231376100, 612097498)
Inserted (426411823, 826061407)
Inserted (1324468568, -552264251)
Inserted (1679971243, -907694600)
Inserted (862498327, -58085314)
mmap()'ed the temp data file!
Initialized bf and fp's
About to merge 2 sorted arrays
Finished first merging loop
Finished second merging loop
Finished third merging loop
Inserted (-503103339, 471855634)
Inserted (1521634994, -1908070652)
Inserted (-1328440008, -1529799696)
Inserted (1559521029, 338712765)
Inserted (862517110, -1215589432)
mmap()'ed the temp data file!
Initialized bf and fp's
About to merge 2 sorted arrays
Finished first merging loop
Finished second merging loop
Finished third merging loop
Inserted (-1097992301, -997993933)
Inserted (1054167298, -1425889976)
Inserted (-485376929, 1575608455)
Inserted (-2011948963, -2135268852)
Inserted (1350954774, -1621172496)
mmap()'ed the temp data file!
Initialized bf and fp's
About to merge 2 sorted arrays
Finished first merging loop
Finished second merging loop
Finished third merging loop
Inserted (85486420, -1390044113)
Inserted (1846056923, 1000019620)
Inserted (-53174027, 1316717295)
Inserted (2124449900, -1079690812)
Inserted (-464528369, 194499724)
mmap()'ed the temp data file!
Initialized bf and fp's
About to merge 2 sorted arrays
Finished first merging loop
Finished second merging loop
Finished third merging loop
Inserted (1836360821, 974864987)
Inserted (2079077640, 707147596)
Inserted (385720225, 1650400185)
Inserted (102372574, 1416199095)
Inserted (-2013348659, 2047339445)
mmap()'ed the temp data file!
Initialized bf and fp's
About to merge 2 sorted arrays
Finished first merging loop
Finished second merging loop
Finished third merging loop
Inserted (-526208769, 1956364594)
Inserted (2135897952, 1701598614)
Inserted (-489090569, -1133570323)
Inserted (467797509, 1709061556)
Inserted (-676135136, -746463942)
mmap()'ed the temp data file!
Initialized bf and fp's
About to merge 2 sorted arrays
Finished first merging loop
Finished second merging loop
Finished third merging loop
Inserted (-272063993, 1054799344)
Inserted (-1547525609, 2118857824)
Inserted (315463230, -944299665)
Inserted (180870192, -1283694958)
Inserted (-255450624, -1286135815)
mmap()'ed the temp data file!
Initialized bf and fp's
About to merge 2 sorted arrays
Finished first merging loop
Finished second merging loop
Finished third merging loop
Inserted (-958807332, 827823081)
Inserted (29743803, -674380193)
Inserted (-346500024, 1039739722)
Inserted (816476178, -1137802812)
Inserted (706617979, -41633480)
mmap()'ed the temp data file!
Initialized bf and fp's
About to merge 2 sorted arrays
Finished first merging loop
Finished second merging loop
Finished third merging loop
Inserted (-73667538, -1472445619)
Inserted (80632188, -1032525246)
Inserted (1535741194, -2108758746)
Inserted (-1121417331, -1855755882)
Inserted (1241488790, 1782485045)
mmap()'ed the temp data file!
Initialized bf and fp's
About to merge 2 sorted arrays
Finished first merging loop
Finished second merging loop
Finished third merging loop
Inserted (-81370040, 1571461871)
Inserted (-2070697100, -669117156)
Inserted (-136912164, 1111943533)
Inserted (2054327701, 1878365234)
Inserted (1629502005, 872230049)
mmap()'ed the temp data file!
Initialized bf and fp's
About to merge 2 sorted arrays
Finished first merging loop
Finished second merging loop
Finished third merging loop
Inserted (-1929210196, 1097547636)
Inserted (-1932314245, -556293016)
Inserted (1036075878, 674774742)
Inserted (937423116, 499409079)
Inserted (-1077958299, 679853202)
mmap()'ed the temp data file!
Initialized bf and fp's
About to merge 2 sorted arrays
Finished first merging loop
Finished second merging loop
Finished third merging loop
Inserted (2045924450, -1952804276)
Inserted (-519785011, 73633851)
Inserted (-1962877418, 1365877260)
Inserted (-907074146, -550952503)
Inserted (-1123175139, 396567278)
mmap()'ed the temp data file!
Initialized bf and fp's
About to merge 2 sorted arrays
Finished first merging loop
Finished second merging loop
Finished third merging loop
Inserted (1294497315, -1558629517)
Inserted (-1840117443, -1233470189)
Inserted (-1527766072, 989886916)
Inserted (-121566531, -145344149)
Inserted (1253631842, 752846855)
mmap()'ed the temp data file!
Initialized bf and fp's
About to merge 2 sorted arrays
Finished first merging loop
Finished second merging loop
Finished third merging loop
Inserted (1343820329, -65922251)
Inserted (-1853745018, -668002432)
Inserted (620338911, 1975429876)
Inserted (-1684065674, 790800997)
Inserted (1472338381, -1690357404)
mmap()'ed the temp data file!
Initialized bf and fp's
About to merge 2 sorted arrays
Finished first merging loop
Finished second merging loop
Finished third merging loop
Inserted (-694940374, 799673595)
Inserted (130027854, 1320237976)
Inserted (538099397, 1161337531)
Inserted (-540472325, 1591326432)
Inserted (-454264217, 1752328076)
mmap()'ed the temp data file!
Initialized bf and fp's
About to merge 2 sorted arrays
Finished first merging loop
Finished second merging loop
Finished third merging loop
Inserted (-507328114, -1512037918)
Inserted (1017850244, -2023757083)
Inserted (1261567368, 405103142)
Inserted (-281154461, 522608753)
Inserted (1501871725, 287878162)
mmap()'ed the temp data file!
Initialized bf and fp's
About to merge 2 sorted arrays
Finished first merging loop
Finished second merging loop
Finished third merging loop
Inserted (-1536753175, -1320929486)
Inserted (1438499366, 1607366572)
Inserted (1348126030, -1981103940)
Inserted (423451662, 2106742556)
Inserted (1411908953, -1246718223)
mmap()'ed the temp data file!
Initialized bf and fp's
About to merge 2 sorted arrays
Finished first merging loop
Finished second merging loop
Finished third merging loop
Inserted (-508103094, 1687924213)
Inserted (-626020376, 1991905300)
Inserted (-2031277339, 2118749855)
Inserted (1150124966, -1790668605)
Inserted (246322459, -174648968)
mmap()'ed the temp data file!
Initialized bf and fp's
About to merge 2 sorted arrays
Finished first merging loop
Finished second merging loop
Finished third merging loop
Inserted (-981755765, 183474402)
Inserted (2140755018, 224602180)
Inserted (-1883122185, -170244303)
Inserted (-1632872203, -2024525743)
Inserted (-1296070039, 799559880)
mmap()'ed the temp data file!
Initialized bf and fp's
About to merge 2 sorted arrays
Finished first merging loop
Finished second merging loop
Finished third merging loop
Inserted (-1915563284, -1434002428)
Inserted (655974859, -220116398)
Inserted (802410654, -1801684389)
Inserted (-639845151, 458985303)
Inserted (-1392163240, -875979024)
mmap()'ed the temp data file!
Initialized bf and fp's
About to merge 2 sorted arrays
Finished first merging loop
Finished second merging loop
Finished third merging loop
Inserted (-1470398791, 40155899)
Inserted (885912544, -1561562629)
Inserted (164310246, -1384223935)
Inserted (-1383331977, -1410105329)
Inserted (1702171629, -1453429614)
mmap()'ed the temp data file!
Initialized bf and fp's
About to merge 2 sorted arrays
Finished first merging loop
Finished second merging loop
Finished third merging loop
Inserted (-1574705163, -162675156)
Inserted (-31304222, 426682780)
Inserted (291599392, 1829712554)
Inserted (-227437836, -1252730251)
Inserted (2004967383, 192570393)
mmap()'ed the temp data file!
Initialized bf and fp's
About to merge 2 sorted arrays
Finished first merging loop
Finished second merging loop
Finished third merging loop
Inserted (-1079836719, -1381387349)
Inserted (905900271, 1711502833)
Inserted (-198961849, 124134368)
Inserted (-275880484, -657428610)
Inserted (-1448434016, -567318350)
mmap()'ed the temp data file!
Initialized bf and fp's
About to merge 2 sorted arrays
Finished first merging loop
